The system is: Windows - 10.0.19042 - AMD64
Compiling the C compiler identification source file "CMakeCCompilerId.c" succeeded.
Compiler: D:/achil/Visual Studio/IDE/VC/Tools/MSVC/14.29.30133/bin/Hostx64/x64/cl.exe 
Build flags: 
Id flags:  

The output was:
0
Microsoft (R) C/C++ Optimizing Compiler versione 19.29.30136 per x64
Copyright (C) Microsoft Corporation. Tutti i diritti  sono riservati.

CMakeCCompilerId.c
Microsoft (R) Incremental Linker Version 14.29.30136.0
Copyright (C) Microsoft Corporation.  All rights reserved.

/out:CMakeCCompilerId.exe 
CMakeCCompilerId.obj 


Compilation of the C compiler identification source "CMakeCCompilerId.c" produced "CMakeCCompilerId.exe"

Compilation of the C compiler identification source "CMakeCCompilerId.c" produced "CMakeCCompilerId.obj"

The C compiler identification is MSVC, found in "C:/Users/achil/Desktop/peggleBox2D-main/peggleBox2D-main/out/build/x64-Debug/CMakeFiles/3.20.21032501-MSVC_2/CompilerIdC/CMakeCCompilerId.exe"

Compiling the CXX compiler identification source file "CMakeCXXCompilerId.cpp" succeeded.
Compiler: D:/achil/Visual Studio/IDE/VC/Tools/MSVC/14.29.30133/bin/Hostx64/x64/cl.exe 
Build flags: 
Id flags:  

The output was:
0
Microsoft (R) C/C++ Optimizing Compiler versione 19.29.30136 per x64
Copyright (C) Microsoft Corporation. Tutti i diritti  sono riservati.

CMakeCXXCompilerId.cpp
Microsoft (R) Incremental Linker Version 14.29.30136.0
Copyright (C) Microsoft Corporation.  All rights reserved.

/out:CMakeCXXCompilerId.exe 
CMakeCXXCompilerId.obj 


Compilation of the CXX compiler identification source "CMakeCXXCompilerId.cpp" produced "CMakeCXXCompilerId.exe"

Compilation of the CXX compiler identification source "CMakeCXXCompilerId.cpp" produced "CMakeCXXCompilerId.obj"

The CXX compiler identification is MSVC, found in "C:/Users/achil/Desktop/peggleBox2D-main/peggleBox2D-main/out/build/x64-Debug/CMakeFiles/3.20.21032501-MSVC_2/CompilerIdCXX/CMakeCXXCompilerId.exe"

Detecting C compiler ABI info compiled with the following output:
Change Dir: C:/Users/achil/Desktop/peggleBox2D-main/peggleBox2D-main/out/build/x64-Debug/CMakeFiles/CMakeTmp

Run Build Command(s):D:/achil/Visual Studio/IDE/Common7/IDE/CommonExtensions/Microsoft/CMake/Ninja/ninja.exe cmTC_b1b23 && [1/2] Building C object CMakeFiles\cmTC_b1b23.dir\CMakeCCompilerABI.c.obj
Nota: file incluso  D:\achil\Visual Studio\IDE\Common7\IDE\CommonExtensions\Microsoft\CMake\CMake\share\cmake-3.20\Modules\CMakeCompilerABI.h
[2/2] Linking C executable cmTC_b1b23.exe



Detecting CXX compiler ABI info compiled with the following output:
Change Dir: C:/Users/achil/Desktop/peggleBox2D-main/peggleBox2D-main/out/build/x64-Debug/CMakeFiles/CMakeTmp

Run Build Command(s):D:/achil/Visual Studio/IDE/Common7/IDE/CommonExtensions/Microsoft/CMake/Ninja/ninja.exe cmTC_2b7b0 && [1/2] Building CXX object CMakeFiles\cmTC_2b7b0.dir\CMakeCXXCompilerABI.cpp.obj
Nota: file incluso  D:\achil\Visual Studio\IDE\Common7\IDE\CommonExtensions\Microsoft\CMake\CMake\share\cmake-3.20\Modules\CMakeCompilerABI.h
[2/2] Linking CXX executable cmTC_2b7b0.exe



